nohup: ignoring input
INFO:root:Namespace(batch_size=98304, beta1=0.783529, beta2=0.909003, dataset='ml-20m', eps=1.45439e-07, factor_size_gmf=64, gpus='0', layers='[256, 128, 64]', learning_rate=0.003821, log_interval=100, model_type='neumf', num_epoch=10, num_hidden=1, num_neg=4, num_valid=1000, path='./data/', seed=1, sparse=False)
[18:20:22] src/base.cc:51: Upgrade advisory: this mxnet has been built against cuda library version 9000, which is older than the oldest version tested by CI (10000).  Set MXNET_CUDA_LIB_CHECKING=0 to quiet this warning.
INFO:root:Training started ...
INFO:root:Epoch[0] Batch [0-100]	Speed: 80961.61 samples/sec	cross_entropy=24995.849609
INFO:root:Epoch[0] Batch [100-200]	Speed: 80417.10 samples/sec	cross_entropy=19086.998047
INFO:root:Epoch[0] Batch [200-300]	Speed: 80426.64 samples/sec	cross_entropy=17354.326172
INFO:root:Epoch[0] Batch [300-400]	Speed: 76698.81 samples/sec	cross_entropy=16282.706055
INFO:root:Epoch[0] Batch [400-500]	Speed: 80400.81 samples/sec	cross_entropy=15516.943359
INFO:root:Epoch[0] Batch [500-600]	Speed: 80421.93 samples/sec	cross_entropy=15039.425781
INFO:root:Epoch[0] Batch [600-700]	Speed: 80306.13 samples/sec	cross_entropy=14681.137695
INFO:root:Epoch[0] Batch [700-800]	Speed: 80388.22 samples/sec	cross_entropy=14315.000977
INFO:root:Epoch[0] Batch [800-900]	Speed: 79854.10 samples/sec	cross_entropy=13900.644531
INFO:root:Epoch[0] Batch [900-1000]	Speed: 80305.61 samples/sec	cross_entropy=13540.877930
INFO:root:Saved checkpoint to "/home/yingguo/ncf_mxnet_data/model/ml-20m/neumf-0000.params"
INFO:root:Iteration 0: HR = 0.4440, NDCG = 0.2263
INFO:root:Epoch[1] Batch [0-100]	Speed: 80797.69 samples/sec	cross_entropy=12689.137695
INFO:root:Epoch[1] Batch [100-200]	Speed: 80289.62 samples/sec	cross_entropy=12616.738281
INFO:root:Epoch[1] Batch [200-300]	Speed: 80140.05 samples/sec	cross_entropy=12502.375000
INFO:root:Epoch[1] Batch [300-400]	Speed: 80209.54 samples/sec	cross_entropy=12353.508789
INFO:root:Epoch[1] Batch [400-500]	Speed: 80234.52 samples/sec	cross_entropy=12241.070312
INFO:root:Epoch[1] Batch [500-600]	Speed: 80131.58 samples/sec	cross_entropy=12128.343750
INFO:root:Epoch[1] Batch [600-700]	Speed: 80144.54 samples/sec	cross_entropy=12018.161133
INFO:root:Epoch[1] Batch [700-800]	Speed: 80184.48 samples/sec	cross_entropy=11911.312500
INFO:root:Epoch[1] Batch [800-900]	Speed: 80279.96 samples/sec	cross_entropy=11836.331055
INFO:root:Epoch[1] Batch [900-1000]	Speed: 80190.72 samples/sec	cross_entropy=11699.822266
INFO:root:Saved checkpoint to "/home/yingguo/ncf_mxnet_data/model/ml-20m/neumf-0001.params"
INFO:root:Iteration 1: HR = 0.4810, NDCG = 0.2429
INFO:root:Epoch[2] Batch [0-100]	Speed: 80955.21 samples/sec	cross_entropy=10395.766602
INFO:root:Epoch[2] Batch [100-200]	Speed: 80238.65 samples/sec	cross_entropy=10490.681641
INFO:root:Epoch[2] Batch [200-300]	Speed: 80362.39 samples/sec	cross_entropy=10525.849609
INFO:root:Epoch[2] Batch [300-400]	Speed: 80284.43 samples/sec	cross_entropy=10558.224609
INFO:root:Epoch[2] Batch [400-500]	Speed: 80314.22 samples/sec	cross_entropy=10568.531250
INFO:root:Epoch[2] Batch [500-600]	Speed: 80298.77 samples/sec	cross_entropy=10593.174805
INFO:root:Epoch[2] Batch [600-700]	Speed: 80265.85 samples/sec	cross_entropy=10599.704102
INFO:root:Epoch[2] Batch [700-800]	Speed: 80379.04 samples/sec	cross_entropy=10603.398438
INFO:root:Epoch[2] Batch [800-900]	Speed: 80221.27 samples/sec	cross_entropy=10611.792969
INFO:root:Epoch[2] Batch [900-1000]	Speed: 80330.83 samples/sec	cross_entropy=10611.172852
INFO:root:Saved checkpoint to "/home/yingguo/ncf_mxnet_data/model/ml-20m/neumf-0002.params"
INFO:root:Iteration 2: HR = 0.4980, NDCG = 0.2462
INFO:root:Epoch[3] Batch [0-100]	Speed: 81225.96 samples/sec	cross_entropy=8753.790039
INFO:root:Epoch[3] Batch [100-200]	Speed: 80477.99 samples/sec	cross_entropy=8906.172852
INFO:root:Epoch[3] Batch [200-300]	Speed: 80516.59 samples/sec	cross_entropy=9073.912109
INFO:root:Epoch[3] Batch [300-400]	Speed: 80409.71 samples/sec	cross_entropy=9225.305664
INFO:root:Epoch[3] Batch [400-500]	Speed: 80464.87 samples/sec	cross_entropy=9355.407227
INFO:root:Epoch[3] Batch [500-600]	Speed: 80543.61 samples/sec	cross_entropy=9447.342773
INFO:root:Epoch[3] Batch [600-700]	Speed: 80353.02 samples/sec	cross_entropy=9507.458984
INFO:root:Epoch[3] Batch [700-800]	Speed: 80401.74 samples/sec	cross_entropy=9562.206055
INFO:root:Epoch[3] Batch [800-900]	Speed: 80632.59 samples/sec	cross_entropy=9656.152344
INFO:root:Epoch[3] Batch [900-1000]	Speed: 80417.64 samples/sec	cross_entropy=9706.601562
INFO:root:Saved checkpoint to "/home/yingguo/ncf_mxnet_data/model/ml-20m/neumf-0003.params"
INFO:root:Iteration 3: HR = 0.4940, NDCG = 0.2371
INFO:root:Epoch[4] Batch [0-100]	Speed: 77366.89 samples/sec	cross_entropy=7716.194824
INFO:root:Epoch[4] Batch [100-200]	Speed: 76656.52 samples/sec	cross_entropy=7926.086914
INFO:root:Epoch[4] Batch [200-300]	Speed: 76763.42 samples/sec	cross_entropy=8162.812988
INFO:root:Epoch[4] Batch [300-400]	Speed: 76625.76 samples/sec	cross_entropy=8369.916016
INFO:root:Epoch[4] Batch [400-500]	Speed: 76787.19 samples/sec	cross_entropy=8516.410156
INFO:root:Epoch[4] Batch [500-600]	Speed: 76915.62 samples/sec	cross_entropy=8650.597656
INFO:root:Epoch[4] Batch [600-700]	Speed: 76851.34 samples/sec	cross_entropy=8743.378906
INFO:root:Epoch[4] Batch [700-800]	Speed: 76691.34 samples/sec	cross_entropy=8870.865234
INFO:root:Epoch[4] Batch [800-900]	Speed: 76802.18 samples/sec	cross_entropy=8968.958984
INFO:root:Epoch[4] Batch [900-1000]	Speed: 78358.31 samples/sec	cross_entropy=8994.452148
INFO:root:Saved checkpoint to "/home/yingguo/ncf_mxnet_data/model/ml-20m/neumf-0004.params"
INFO:root:Iteration 4: HR = 0.4780, NDCG = 0.2337
INFO:root:Epoch[5] Batch [0-100]	Speed: 78551.20 samples/sec	cross_entropy=7082.984375
INFO:root:Epoch[5] Batch [100-200]	Speed: 77044.19 samples/sec	cross_entropy=7304.506836
INFO:root:Epoch[5] Batch [200-300]	Speed: 77091.41 samples/sec	cross_entropy=7536.646973
INFO:root:Epoch[5] Batch [300-400]	Speed: 77038.24 samples/sec	cross_entropy=7757.896484
INFO:root:Epoch[5] Batch [400-500]	Speed: 77076.59 samples/sec	cross_entropy=7920.415039
INFO:root:Epoch[5] Batch [500-600]	Speed: 77046.10 samples/sec	cross_entropy=8076.526367
INFO:root:Epoch[5] Batch [600-700]	Speed: 77005.18 samples/sec	cross_entropy=8202.110352
INFO:root:Epoch[5] Batch [700-800]	Speed: 76970.22 samples/sec	cross_entropy=8318.228516
INFO:root:Epoch[5] Batch [800-900]	Speed: 77057.51 samples/sec	cross_entropy=8409.547852
INFO:root:Epoch[5] Batch [900-1000]	Speed: 77202.36 samples/sec	cross_entropy=8480.170898
INFO:root:Saved checkpoint to "/home/yingguo/ncf_mxnet_data/model/ml-20m/neumf-0005.params"
INFO:root:Iteration 5: HR = 0.4800, NDCG = 0.2296
INFO:root:Epoch[6] Batch [0-100]	Speed: 77866.00 samples/sec	cross_entropy=6611.092285
INFO:root:Epoch[6] Batch [100-200]	Speed: 77145.73 samples/sec	cross_entropy=6848.978516
INFO:root:Epoch[6] Batch [200-300]	Speed: 77213.41 samples/sec	cross_entropy=7092.508789
INFO:root:Epoch[6] Batch [300-400]	Speed: 77208.65 samples/sec	cross_entropy=7297.465820
INFO:root:Epoch[6] Batch [400-500]	Speed: 77116.26 samples/sec	cross_entropy=7462.337402
INFO:root:Epoch[6] Batch [500-600]	Speed: 77206.23 samples/sec	cross_entropy=7612.258301
INFO:root:Epoch[6] Batch [600-700]	Speed: 77233.23 samples/sec	cross_entropy=7727.800781
INFO:root:Epoch[6] Batch [700-800]	Speed: 77317.06 samples/sec	cross_entropy=7864.928223
INFO:root:Epoch[6] Batch [800-900]	Speed: 77208.90 samples/sec	cross_entropy=7939.250000
INFO:root:Epoch[6] Batch [900-1000]	Speed: 76904.95 samples/sec	cross_entropy=8030.651367
INFO:root:Saved checkpoint to "/home/yingguo/ncf_mxnet_data/model/ml-20m/neumf-0006.params"
INFO:root:Iteration 6: HR = 0.4810, NDCG = 0.2366
INFO:root:Epoch[7] Batch [0-100]	Speed: 78290.97 samples/sec	cross_entropy=6222.531250
INFO:root:Epoch[7] Batch [100-200]	Speed: 77669.79 samples/sec	cross_entropy=6472.348633
INFO:root:Epoch[7] Batch [200-300]	Speed: 77502.50 samples/sec	cross_entropy=6715.874512
INFO:root:Epoch[7] Batch [300-400]	Speed: 77412.13 samples/sec	cross_entropy=6896.615234
INFO:root:Epoch[7] Batch [400-500]	Speed: 77500.35 samples/sec	cross_entropy=7076.519531
INFO:root:Epoch[7] Batch [500-600]	Speed: 77596.60 samples/sec	cross_entropy=7222.341797
INFO:root:Epoch[7] Batch [600-700]	Speed: 77704.74 samples/sec	cross_entropy=7349.008789
INFO:root:Epoch[7] Batch [700-800]	Speed: 77130.24 samples/sec	cross_entropy=7479.205566
INFO:root:Epoch[7] Batch [800-900]	Speed: 77135.46 samples/sec	cross_entropy=7582.309570
INFO:root:Epoch[7] Batch [900-1000]	Speed: 77067.40 samples/sec	cross_entropy=7661.190430
INFO:root:Saved checkpoint to "/home/yingguo/ncf_mxnet_data/model/ml-20m/neumf-0007.params"
INFO:root:Iteration 7: HR = 0.4490, NDCG = 0.2221
INFO:root:Epoch[8] Batch [0-100]	Speed: 78302.94 samples/sec	cross_entropy=5916.669922
INFO:root:Epoch[8] Batch [100-200]	Speed: 76876.18 samples/sec	cross_entropy=6147.571289
INFO:root:Epoch[8] Batch [200-300]	Speed: 77002.36 samples/sec	cross_entropy=6379.577637
INFO:root:Epoch[8] Batch [300-400]	Speed: 77069.96 samples/sec	cross_entropy=6584.710449
INFO:root:Epoch[8] Batch [400-500]	Speed: 77120.79 samples/sec	cross_entropy=6752.859375
INFO:root:Epoch[8] Batch [500-600]	Speed: 77081.13 samples/sec	cross_entropy=6871.992676
INFO:root:Epoch[8] Batch [600-700]	Speed: 76976.57 samples/sec	cross_entropy=7017.011719
INFO:root:Epoch[8] Batch [700-800]	Speed: 77309.39 samples/sec	cross_entropy=7139.609375
INFO:root:Epoch[8] Batch [800-900]	Speed: 77166.38 samples/sec	cross_entropy=7242.586914
INFO:root:Epoch[8] Batch [900-1000]	Speed: 77094.72 samples/sec	cross_entropy=7327.967285
INFO:root:Saved checkpoint to "/home/yingguo/ncf_mxnet_data/model/ml-20m/neumf-0008.params"
INFO:root:Iteration 8: HR = 0.4480, NDCG = 0.2202
INFO:root:Epoch[9] Batch [0-100]	Speed: 77615.83 samples/sec	cross_entropy=5634.986328
INFO:root:Epoch[9] Batch [100-200]	Speed: 77550.46 samples/sec	cross_entropy=5882.868652
INFO:root:Epoch[9] Batch [200-300]	Speed: 80350.41 samples/sec	cross_entropy=6097.718750
INFO:root:Epoch[9] Batch [300-400]	Speed: 80407.09 samples/sec	cross_entropy=6297.350098
INFO:root:Epoch[9] Batch [400-500]	Speed: 80404.23 samples/sec	cross_entropy=6472.633789
INFO:root:Epoch[9] Batch [500-600]	Speed: 80381.02 samples/sec	cross_entropy=6594.042969
INFO:root:Epoch[9] Batch [600-700]	Speed: 80267.65 samples/sec	cross_entropy=6719.248535
INFO:root:Epoch[9] Batch [700-800]	Speed: 80463.03 samples/sec	cross_entropy=6815.163086
INFO:root:Epoch[9] Batch [800-900]	Speed: 80486.67 samples/sec	cross_entropy=6957.024902
INFO:root:Epoch[9] Batch [900-1000]	Speed: 80506.07 samples/sec	cross_entropy=7041.002930
INFO:root:Saved checkpoint to "/home/yingguo/ncf_mxnet_data/model/ml-20m/neumf-0009.params"
INFO:root:Iteration 9: HR = 0.4470, NDCG = 0.2182
INFO:root:End. Best Iteration 2:  HR = 0.4980, NDCG = 0.2462. 
INFO:root:Training completed.
Load data done. #user=138493, #item=26744, #train=19861770, #test=138493
nohup: ignoring input
INFO:root:Namespace(batch_size=98304, beta1=0.783529, beta2=0.909003, dataset='ml-20m', eps=1.45439e-07, factor_size_gmf=64, gpus='0', layers='[256, 128, 64]', learning_rate=0.003821, log_interval=100, model_type='neumf', num_epoch=10, num_hidden=1, num_neg=4, num_valid=1000, path='./data/', seed=1, sparse=False)
[14:38:54] src/base.cc:51: Upgrade advisory: this mxnet has been built against cuda library version 9000, which is older than the oldest version tested by CI (10000).  Set MXNET_CUDA_LIB_CHECKING=0 to quiet this warning.
INFO:root:Training started ...
INFO:root:Epoch[0] Batch [0-100]	Speed: 77466.53 samples/sec	cross_entropy=24995.849609
INFO:root:Epoch[0] Batch [100-200]	Speed: 75938.30 samples/sec	cross_entropy=19086.998047
INFO:root:Epoch[0] Batch [200-300]	Speed: 76579.40 samples/sec	cross_entropy=17354.326172
INFO:root:Epoch[0] Batch [300-400]	Speed: 74538.26 samples/sec	cross_entropy=16282.706055
INFO:root:Epoch[0] Batch [400-500]	Speed: 76458.39 samples/sec	cross_entropy=15516.943359
INFO:root:Epoch[0] Batch [500-600]	Speed: 76360.08 samples/sec	cross_entropy=15039.425781
INFO:root:Epoch[0] Batch [600-700]	Speed: 76436.50 samples/sec	cross_entropy=14681.137695
INFO:root:Epoch[0] Batch [700-800]	Speed: 76487.56 samples/sec	cross_entropy=14315.000977
INFO:root:Epoch[0] Batch [800-900]	Speed: 77852.64 samples/sec	cross_entropy=13900.644531
INFO:root:Epoch[0] Batch [900-1000]	Speed: 78998.84 samples/sec	cross_entropy=13540.877930
INFO:root:Saved checkpoint to "/home/yingguo/ncf_mxnet_data/model/ml-20m/neumf-0000.params"
INFO:root:Iteration 0: HR = 0.4676, NDCG = 0.2433
INFO:root:Epoch[1] Batch [0-100]	Speed: 76661.29 samples/sec	cross_entropy=12689.137695
INFO:root:Epoch[1] Batch [100-200]	Speed: 76255.78 samples/sec	cross_entropy=12616.738281
INFO:root:Epoch[1] Batch [200-300]	Speed: 76286.78 samples/sec	cross_entropy=12502.375000
INFO:root:Epoch[1] Batch [300-400]	Speed: 76194.56 samples/sec	cross_entropy=12353.508789
INFO:root:Epoch[1] Batch [400-500]	Speed: 77522.83 samples/sec	cross_entropy=12241.070312
INFO:root:Epoch[1] Batch [500-600]	Speed: 79350.52 samples/sec	cross_entropy=12128.343750
INFO:root:Epoch[1] Batch [600-700]	Speed: 79481.07 samples/sec	cross_entropy=12018.161133
INFO:root:Epoch[1] Batch [700-800]	Speed: 79525.43 samples/sec	cross_entropy=11911.312500
INFO:root:Epoch[1] Batch [800-900]	Speed: 79444.14 samples/sec	cross_entropy=11836.331055
INFO:root:Epoch[1] Batch [900-1000]	Speed: 79384.69 samples/sec	cross_entropy=11699.822266
INFO:root:Saved checkpoint to "/home/yingguo/ncf_mxnet_data/model/ml-20m/neumf-0001.params"
INFO:root:Iteration 1: HR = 0.5084, NDCG = 0.2658
INFO:root:Epoch[2] Batch [0-100]	Speed: 77093.06 samples/sec	cross_entropy=10395.766602
INFO:root:Epoch[2] Batch [100-200]	Speed: 76523.82 samples/sec	cross_entropy=10490.681641
INFO:root:Epoch[2] Batch [200-300]	Speed: 76517.69 samples/sec	cross_entropy=10525.849609
INFO:root:Epoch[2] Batch [300-400]	Speed: 76505.97 samples/sec	cross_entropy=10558.224609
INFO:root:Epoch[2] Batch [400-500]	Speed: 76452.89 samples/sec	cross_entropy=10568.531250
INFO:root:Epoch[2] Batch [500-600]	Speed: 76373.39 samples/sec	cross_entropy=10593.174805
INFO:root:Epoch[2] Batch [600-700]	Speed: 76542.63 samples/sec	cross_entropy=10599.704102
INFO:root:Epoch[2] Batch [700-800]	Speed: 76445.24 samples/sec	cross_entropy=10603.398438
INFO:root:Epoch[2] Batch [800-900]	Speed: 76336.07 samples/sec	cross_entropy=10611.792969
INFO:root:Epoch[2] Batch [900-1000]	Speed: 76286.94 samples/sec	cross_entropy=10611.172852
INFO:root:Saved checkpoint to "/home/yingguo/ncf_mxnet_data/model/ml-20m/neumf-0002.params"
INFO:root:Iteration 2: HR = 0.5173, NDCG = 0.2676
INFO:root:Epoch[3] Batch [0-100]	Speed: 77184.62 samples/sec	cross_entropy=8753.790039
INFO:root:Epoch[3] Batch [100-200]	Speed: 76315.45 samples/sec	cross_entropy=8906.172852
INFO:root:Epoch[3] Batch [200-300]	Speed: 76570.92 samples/sec	cross_entropy=9073.912109
INFO:root:Epoch[3] Batch [300-400]	Speed: 76405.71 samples/sec	cross_entropy=9225.305664
INFO:root:Epoch[3] Batch [400-500]	Speed: 76309.71 samples/sec	cross_entropy=9355.407227
INFO:root:Epoch[3] Batch [500-600]	Speed: 76453.86 samples/sec	cross_entropy=9447.342773
INFO:root:Epoch[3] Batch [600-700]	Speed: 76426.36 samples/sec	cross_entropy=9507.458984
INFO:root:Epoch[3] Batch [700-800]	Speed: 76359.23 samples/sec	cross_entropy=9562.206055
INFO:root:Epoch[3] Batch [800-900]	Speed: 76236.78 samples/sec	cross_entropy=9656.152344
INFO:root:Epoch[3] Batch [900-1000]	Speed: 76402.89 samples/sec	cross_entropy=9706.601562
INFO:root:Saved checkpoint to "/home/yingguo/ncf_mxnet_data/model/ml-20m/neumf-0003.params"
INFO:root:Iteration 3: HR = 0.5045, NDCG = 0.2580
INFO:root:Epoch[4] Batch [0-100]	Speed: 79514.74 samples/sec	cross_entropy=7716.194824
INFO:root:Epoch[4] Batch [100-200]	Speed: 78463.53 samples/sec	cross_entropy=7926.086914
INFO:root:Epoch[4] Batch [200-300]	Speed: 78395.14 samples/sec	cross_entropy=8162.812988
INFO:root:Epoch[4] Batch [300-400]	Speed: 78366.51 samples/sec	cross_entropy=8369.916016
INFO:root:Epoch[4] Batch [400-500]	Speed: 78470.69 samples/sec	cross_entropy=8516.410156
INFO:root:Epoch[4] Batch [500-600]	Speed: 78216.33 samples/sec	cross_entropy=8650.597656
INFO:root:Epoch[4] Batch [600-700]	Speed: 78508.49 samples/sec	cross_entropy=8743.378906
INFO:root:Epoch[4] Batch [700-800]	Speed: 78323.73 samples/sec	cross_entropy=8870.865234
INFO:root:Epoch[4] Batch [800-900]	Speed: 78193.57 samples/sec	cross_entropy=8968.958984
INFO:root:Epoch[4] Batch [900-1000]	Speed: 78228.14 samples/sec	cross_entropy=8994.452148
INFO:root:Saved checkpoint to "/home/yingguo/ncf_mxnet_data/model/ml-20m/neumf-0004.params"
INFO:root:Iteration 4: HR = 0.5011, NDCG = 0.2584
INFO:root:Epoch[5] Batch [0-100]	Speed: 76911.39 samples/sec	cross_entropy=7082.984375
INFO:root:Epoch[5] Batch [100-200]	Speed: 76220.26 samples/sec	cross_entropy=7304.506836
INFO:root:Epoch[5] Batch [200-300]	Speed: 76341.97 samples/sec	cross_entropy=7536.646973
INFO:root:Epoch[5] Batch [300-400]	Speed: 76449.23 samples/sec	cross_entropy=7757.896484
INFO:root:Epoch[5] Batch [400-500]	Speed: 76473.09 samples/sec	cross_entropy=7920.415039
INFO:root:Epoch[5] Batch [500-600]	Speed: 76760.55 samples/sec	cross_entropy=8076.526367
INFO:root:Epoch[5] Batch [600-700]	Speed: 76357.37 samples/sec	cross_entropy=8202.110352
INFO:root:Epoch[5] Batch [700-800]	Speed: 76230.16 samples/sec	cross_entropy=8318.228516
INFO:root:Epoch[5] Batch [800-900]	Speed: 76392.52 samples/sec	cross_entropy=8409.547852
INFO:root:Epoch[5] Batch [900-1000]	Speed: 76247.91 samples/sec	cross_entropy=8480.170898
INFO:root:Saved checkpoint to "/home/yingguo/ncf_mxnet_data/model/ml-20m/neumf-0005.params"
INFO:root:Iteration 5: HR = 0.4910, NDCG = 0.2515
INFO:root:Epoch[6] Batch [0-100]	Speed: 63035.83 samples/sec	cross_entropy=6611.092285
INFO:root:Epoch[6] Batch [100-200]	Speed: 68035.09 samples/sec	cross_entropy=6848.978516
INFO:root:Epoch[6] Batch [200-300]	Speed: 77557.51 samples/sec	cross_entropy=7092.508789
INFO:root:Epoch[6] Batch [300-400]	Speed: 77236.83 samples/sec	cross_entropy=7297.465820
INFO:root:Epoch[6] Batch [400-500]	Speed: 74501.94 samples/sec	cross_entropy=7462.337402
INFO:root:Epoch[6] Batch [500-600]	Speed: 76593.37 samples/sec	cross_entropy=7612.258301
INFO:root:Epoch[6] Batch [600-700]	Speed: 76954.88 samples/sec	cross_entropy=7727.800781
INFO:root:Epoch[6] Batch [700-800]	Speed: 76950.07 samples/sec	cross_entropy=7864.928223
INFO:root:Epoch[6] Batch [800-900]	Speed: 76496.29 samples/sec	cross_entropy=7939.250000
INFO:root:Epoch[6] Batch [900-1000]	Speed: 76608.83 samples/sec	cross_entropy=8030.651367
INFO:root:Saved checkpoint to "/home/yingguo/ncf_mxnet_data/model/ml-20m/neumf-0006.params"
INFO:root:Iteration 6: HR = 0.4862, NDCG = 0.2502
INFO:root:Epoch[7] Batch [0-100]	Speed: 80275.08 samples/sec	cross_entropy=6222.531250
INFO:root:Epoch[7] Batch [100-200]	Speed: 78789.98 samples/sec	cross_entropy=6472.348633
INFO:root:Epoch[7] Batch [200-300]	Speed: 76386.00 samples/sec	cross_entropy=6715.874512
INFO:root:Epoch[7] Batch [300-400]	Speed: 75898.99 samples/sec	cross_entropy=6896.615234
INFO:root:Epoch[7] Batch [400-500]	Speed: 76000.20 samples/sec	cross_entropy=7076.519531
INFO:root:Epoch[7] Batch [500-600]	Speed: 76200.90 samples/sec	cross_entropy=7222.341797
INFO:root:Epoch[7] Batch [600-700]	Speed: 76181.49 samples/sec	cross_entropy=7349.008789
INFO:root:Epoch[7] Batch [700-800]	Speed: 76207.68 samples/sec	cross_entropy=7479.205566
INFO:root:Epoch[7] Batch [800-900]	Speed: 76332.51 samples/sec	cross_entropy=7582.309570
INFO:root:Epoch[7] Batch [900-1000]	Speed: 75956.14 samples/sec	cross_entropy=7661.190430
INFO:root:Saved checkpoint to "/home/yingguo/ncf_mxnet_data/model/ml-20m/neumf-0007.params"
INFO:root:Iteration 7: HR = 0.4754, NDCG = 0.2426
INFO:root:Epoch[8] Batch [0-100]	Speed: 80089.93 samples/sec	cross_entropy=5916.669922
INFO:root:Epoch[8] Batch [100-200]	Speed: 79409.19 samples/sec	cross_entropy=6147.571289
INFO:root:Epoch[8] Batch [200-300]	Speed: 79398.34 samples/sec	cross_entropy=6379.577637
INFO:root:Epoch[8] Batch [300-400]	Speed: 79351.06 samples/sec	cross_entropy=6584.710449
INFO:root:Epoch[8] Batch [400-500]	Speed: 79370.05 samples/sec	cross_entropy=6752.859375
INFO:root:Epoch[8] Batch [500-600]	Speed: 79306.82 samples/sec	cross_entropy=6871.992676
INFO:root:Epoch[8] Batch [600-700]	Speed: 79323.63 samples/sec	cross_entropy=7017.011719
INFO:root:Epoch[8] Batch [700-800]	Speed: 69510.66 samples/sec	cross_entropy=7139.609375
INFO:root:Epoch[8] Batch [800-900]	Speed: 63931.08 samples/sec	cross_entropy=7242.586914
INFO:root:Epoch[8] Batch [900-1000]	Speed: 63738.03 samples/sec	cross_entropy=7327.967285
INFO:root:Saved checkpoint to "/home/yingguo/ncf_mxnet_data/model/ml-20m/neumf-0008.params"
INFO:root:Iteration 8: HR = 0.4728, NDCG = 0.2426
INFO:root:Epoch[9] Batch [0-100]	Speed: 67773.68 samples/sec	cross_entropy=5634.986328
INFO:root:Epoch[9] Batch [100-200]	Speed: 67614.61 samples/sec	cross_entropy=5882.868652
INFO:root:Epoch[9] Batch [200-300]	Speed: 73407.34 samples/sec	cross_entropy=6097.718750
INFO:root:Epoch[9] Batch [300-400]	Speed: 79220.45 samples/sec	cross_entropy=6297.350098
INFO:root:Epoch[9] Batch [400-500]	Speed: 78566.31 samples/sec	cross_entropy=6472.633789
INFO:root:Epoch[9] Batch [500-600]	Speed: 77586.45 samples/sec	cross_entropy=6594.042969
INFO:root:Epoch[9] Batch [600-700]	Speed: 77547.77 samples/sec	cross_entropy=6719.248535
INFO:root:Epoch[9] Batch [700-800]	Speed: 77722.14 samples/sec	cross_entropy=6815.163086
INFO:root:Epoch[9] Batch [800-900]	Speed: 77439.49 samples/sec	cross_entropy=6957.024902
INFO:root:Epoch[9] Batch [900-1000]	Speed: 77886.44 samples/sec	cross_entropy=7041.002930
INFO:root:Saved checkpoint to "/home/yingguo/ncf_mxnet_data/model/ml-20m/neumf-0009.params"
INFO:root:Iteration 9: HR = 0.4717, NDCG = 0.2420
INFO:root:End. Best Iteration 2:  HR = 0.5173, NDCG = 0.2676. 
INFO:root:Training completed.
Load data done. #user=138493, #item=26744, #train=19861770, #test=138493
